<?xml version="1.0" encoding="utf-8"?>
<CoverageSession xmlns:xsd="http://www.w3.org/2001/XMLSchema" xmlns:xsi="http://www.w3.org/2001/XMLSchema-instance">
  <Summary numSequencePoints="60" visitedSequencePoints="39" numBranchPoints="68" visitedBranchPoints="11" sequenceCoverage="65" branchCoverage="16.18" maxCyclomaticComplexity="5" minCyclomaticComplexity="1" visitedClasses="1" numClasses="2" visitedMethods="5" numMethods="8" />
  <Modules>
    <Module skippedDueTo="Filter" hash="8E-32-16-9A-76-2A-A6-69-84-23-E7-BD-A1-CE-EE-5C-72-47-82-78">
      <FullName>C:\WINDOWS\Microsoft.Net\assembly\GAC_64\mscorlib\v4.0_4.0.0.0__b77a5c561934e089\mscorlib.dll</FullName>
      <ModuleName>mscorlib</ModuleName>
      <Classes />
    </Module>
    <Module skippedDueTo="MissingPdb" hash="60-63-E1-A9-4A-A6-EC-22-36-A9-6E-E9-65-20-51-CF-6D-DC-BE-12">
      <FullName>C:\Program Files (x86)\NUnit.org\nunit-console\nunit3-console.exe</FullName>
      <ModuleName>nunit3-console</ModuleName>
      <Classes />
    </Module>
    <Module skippedDueTo="Filter" hash="10-12-A2-C6-A0-B8-51-63-D1-3A-89-CF-6B-26-F7-7D-C2-69-68-B0">
      <FullName>C:\WINDOWS\Microsoft.Net\assembly\GAC_MSIL\System\v4.0_4.0.0.0__b77a5c561934e089\System.dll</FullName>
      <ModuleName>System</ModuleName>
      <Classes />
    </Module>
    <Module skippedDueTo="MissingPdb" hash="72-B4-B4-65-2C-24-75-0E-DA-CF-53-30-B7-A9-01-1E-2A-82-3D-12">
      <FullName>C:\Program Files (x86)\NUnit.org\nunit-console\nunit.engine.api.dll</FullName>
      <ModuleName>nunit.engine.api</ModuleName>
      <Classes />
    </Module>
    <Module skippedDueTo="MissingPdb" hash="89-B1-27-CC-C5-40-D4-3C-54-AA-61-41-A8-CB-2B-5C-EE-0E-97-46">
      <FullName>C:\Program Files (x86)\NUnit.org\nunit-console\nunit.engine.dll</FullName>
      <ModuleName>nunit.engine</ModuleName>
      <Classes />
    </Module>
    <Module skippedDueTo="MissingPdb" hash="89-B1-27-CC-C5-40-D4-3C-54-AA-61-41-A8-CB-2B-5C-EE-0E-97-46">
      <FullName>C:\Program Files (x86)\NUnit.org\nunit-console\nunit.engine.dll</FullName>
      <ModuleName>nunit.engine</ModuleName>
      <Classes />
    </Module>
    <Module skippedDueTo="Filter" hash="14-44-50-38-34-98-5F-C6-45-8B-50-B5-CF-D7-E1-0A-28-8F-5E-E8">
      <FullName>C:\WINDOWS\Microsoft.Net\assembly\GAC_MSIL\System.Xml\v4.0_4.0.0.0__b77a5c561934e089\System.Xml.dll</FullName>
      <ModuleName>System.Xml</ModuleName>
      <Classes />
    </Module>
    <Module skippedDueTo="Filter" hash="88-6A-6B-01-45-41-56-CA-F4-B7-2E-E0-B2-25-8A-C5-B1-89-47-7F">
      <FullName>C:\WINDOWS\Microsoft.Net\assembly\GAC_64\System.Web\v4.0_4.0.0.0__b03f5f7f11d50a3a\System.Web.dll</FullName>
      <ModuleName>System.Web</ModuleName>
      <Classes />
    </Module>
    <Module skippedDueTo="MissingPdb" hash="8A-2E-8F-D6-9D-39-02-4A-2F-30-FC-06-42-F7-0F-A8-32-69-07-72">
      <FullName>C:\Program Files (x86)\NUnit.org\nunit-console\Mono.Cecil.dll</FullName>
      <ModuleName>Mono.Cecil</ModuleName>
      <Classes />
    </Module>
    <Module skippedDueTo="Filter" hash="E0-F1-79-63-0F-43-2B-D0-42-64-3B-65-A6-A2-45-73-1F-DD-FC-3F">
      <FullName>C:\WINDOWS\Microsoft.Net\assembly\GAC_MSIL\System.Runtime.Remoting\v4.0_4.0.0.0__b77a5c561934e089\System.Runtime.Remoting.dll</FullName>
      <ModuleName>System.Runtime.Remoting</ModuleName>
      <Classes />
    </Module>
    <Module skippedDueTo="Filter" hash="AD-56-8F-5F-20-FC-6D-01-BA-F5-88-25-06-84-53-56-62-E9-A7-DA">
      <FullName>C:\WINDOWS\Microsoft.Net\assembly\GAC_MSIL\System.Configuration\v4.0_4.0.0.0__b03f5f7f11d50a3a\System.Configuration.dll</FullName>
      <ModuleName>System.Configuration</ModuleName>
      <Classes />
    </Module>
    <Module skippedDueTo="Filter" hash="8E-32-16-9A-76-2A-A6-69-84-23-E7-BD-A1-CE-EE-5C-72-47-82-78">
      <FullName>C:\WINDOWS\Microsoft.Net\assembly\GAC_64\mscorlib\v4.0_4.0.0.0__b77a5c561934e089\mscorlib.dll</FullName>
      <ModuleName>mscorlib</ModuleName>
      <Classes />
    </Module>
    <Module skippedDueTo="MissingPdb" hash="76-2B-08-4C-71-EB-47-87-64-D7-B2-1C-B1-6D-5A-15-BC-1D-D5-42">
      <FullName>C:\Program Files (x86)\NUnit.org\nunit-console\nunit-agent.exe</FullName>
      <ModuleName>nunit-agent</ModuleName>
      <Classes />
    </Module>
    <Module skippedDueTo="MissingPdb" hash="89-B1-27-CC-C5-40-D4-3C-54-AA-61-41-A8-CB-2B-5C-EE-0E-97-46">
      <FullName>C:\Program Files (x86)\NUnit.org\nunit-console\nunit.engine.dll</FullName>
      <ModuleName>nunit.engine</ModuleName>
      <Classes />
    </Module>
    <Module skippedDueTo="MissingPdb" hash="72-B4-B4-65-2C-24-75-0E-DA-CF-53-30-B7-A9-01-1E-2A-82-3D-12">
      <FullName>C:\Program Files (x86)\NUnit.org\nunit-console\nunit.engine.api.dll</FullName>
      <ModuleName>nunit.engine.api</ModuleName>
      <Classes />
    </Module>
    <Module skippedDueTo="Filter" hash="10-12-A2-C6-A0-B8-51-63-D1-3A-89-CF-6B-26-F7-7D-C2-69-68-B0">
      <FullName>C:\WINDOWS\Microsoft.Net\assembly\GAC_MSIL\System\v4.0_4.0.0.0__b77a5c561934e089\System.dll</FullName>
      <ModuleName>System</ModuleName>
      <Classes />
    </Module>
    <Module skippedDueTo="Filter" hash="E0-F1-79-63-0F-43-2B-D0-42-64-3B-65-A6-A2-45-73-1F-DD-FC-3F">
      <FullName>C:\WINDOWS\Microsoft.Net\assembly\GAC_MSIL\System.Runtime.Remoting\v4.0_4.0.0.0__b77a5c561934e089\System.Runtime.Remoting.dll</FullName>
      <ModuleName>System.Runtime.Remoting</ModuleName>
      <Classes />
    </Module>
    <Module skippedDueTo="Filter" hash="14-44-50-38-34-98-5F-C6-45-8B-50-B5-CF-D7-E1-0A-28-8F-5E-E8">
      <FullName>C:\WINDOWS\Microsoft.Net\assembly\GAC_MSIL\System.Xml\v4.0_4.0.0.0__b77a5c561934e089\System.Xml.dll</FullName>
      <ModuleName>System.Xml</ModuleName>
      <Classes />
    </Module>
    <Module skippedDueTo="Filter" hash="88-6A-6B-01-45-41-56-CA-F4-B7-2E-E0-B2-25-8A-C5-B1-89-47-7F">
      <FullName>C:\WINDOWS\Microsoft.Net\assembly\GAC_64\System.Web\v4.0_4.0.0.0__b03f5f7f11d50a3a\System.Web.dll</FullName>
      <ModuleName>System.Web</ModuleName>
      <Classes />
    </Module>
    <Module skippedDueTo="MissingPdb" hash="8A-2E-8F-D6-9D-39-02-4A-2F-30-FC-06-42-F7-0F-A8-32-69-07-72">
      <FullName>C:\Program Files (x86)\NUnit.org\nunit-console\Mono.Cecil.dll</FullName>
      <ModuleName>Mono.Cecil</ModuleName>
      <Classes />
    </Module>
    <Module skippedDueTo="Filter" hash="AD-56-8F-5F-20-FC-6D-01-BA-F5-88-25-06-84-53-56-62-E9-A7-DA">
      <FullName>C:\WINDOWS\Microsoft.Net\assembly\GAC_MSIL\System.Configuration\v4.0_4.0.0.0__b03f5f7f11d50a3a\System.Configuration.dll</FullName>
      <ModuleName>System.Configuration</ModuleName>
      <Classes />
    </Module>
    <Module skippedDueTo="MissingPdb" hash="12-A9-60-4F-15-42-DF-D1-A1-E2-F5-93-28-AA-A1-9B-0C-32-41-92">
      <FullName>C:\Program Files (x86)\NUnit.org\nunit-console\addins\nunit.v2.driver.dll</FullName>
      <ModuleName>nunit.v2.driver</ModuleName>
      <Classes />
    </Module>
    <Module skippedDueTo="MissingPdb" hash="0F-CD-7F-5B-BB-DA-BC-C1-3E-53-4E-65-C3-89-48-B4-96-F7-B4-E5">
      <FullName>C:\Program Files (x86)\NUnit.org\nunit-console\addins\nunit.core.dll</FullName>
      <ModuleName>nunit.core</ModuleName>
      <Classes />
    </Module>
    <Module skippedDueTo="MissingPdb" hash="81-B0-11-09-2F-7B-2A-93-A1-2E-D1-21-1B-5B-C4-B5-74-D2-62-48">
      <FullName>C:\Program Files (x86)\NUnit.org\nunit-console\addins\nunit.core.interfaces.dll</FullName>
      <ModuleName>nunit.core.interfaces</ModuleName>
      <Classes />
    </Module>
    <Module skippedDueTo="MissingPdb" hash="0F-CD-7F-5B-BB-DA-BC-C1-3E-53-4E-65-C3-89-48-B4-96-F7-B4-E5">
      <FullName>C:\Program Files (x86)\NUnit.org\nunit-console\addins\nunit.core.dll</FullName>
      <ModuleName>nunit.core</ModuleName>
      <Classes />
    </Module>
    <Module skippedDueTo="Filter" hash="10-12-A2-C6-A0-B8-51-63-D1-3A-89-CF-6B-26-F7-7D-C2-69-68-B0">
      <FullName>C:\WINDOWS\Microsoft.Net\assembly\GAC_MSIL\System\v4.0_4.0.0.0__b77a5c561934e089\System.dll</FullName>
      <ModuleName>System</ModuleName>
      <Classes />
    </Module>
    <Module skippedDueTo="Filter" hash="14-44-50-38-34-98-5F-C6-45-8B-50-B5-CF-D7-E1-0A-28-8F-5E-E8">
      <FullName>C:\WINDOWS\Microsoft.Net\assembly\GAC_MSIL\System.Xml\v4.0_4.0.0.0__b77a5c561934e089\System.Xml.dll</FullName>
      <ModuleName>System.Xml</ModuleName>
      <Classes />
    </Module>
    <Module skippedDueTo="MissingPdb" hash="81-B0-11-09-2F-7B-2A-93-A1-2E-D1-21-1B-5B-C4-B5-74-D2-62-48">
      <FullName>C:\Program Files (x86)\NUnit.org\nunit-console\addins\nunit.core.interfaces.dll</FullName>
      <ModuleName>nunit.core.interfaces</ModuleName>
      <Classes />
    </Module>
    <Module skippedDueTo="Filter" hash="53-71-F1-A6-8A-03-95-90-35-B3-8F-7C-F5-C6-00-6F-EF-86-76-4D">
      <FullName>E:\TeamCity\buildAgent\work\39236d9fea70f0c4\MvcRefactorTest.Tests\bin\Debug\MvcRefactorTest.Tests.dll</FullName>
      <ModuleName>MvcRefactorTest.Tests</ModuleName>
      <Classes />
    </Module>
    <Module skippedDueTo="MissingPdb" hash="C6-86-9E-2D-E3-08-09-F9-44-E1-2B-79-F2-16-CE-6C-FB-68-C9-CC">
      <FullName>E:\TeamCity\buildAgent\work\39236d9fea70f0c4\MvcRefactorTest.Tests\bin\Debug\EntityFramework.dll</FullName>
      <ModuleName>EntityFramework</ModuleName>
      <Classes />
    </Module>
    <Module skippedDueTo="Filter" hash="B7-10-4F-1B-6D-57-21-B9-85-03-68-4E-D4-19-A6-00-93-3C-4E-7D">
      <FullName>C:\WINDOWS\Microsoft.Net\assembly\GAC_MSIL\System.Core\v4.0_4.0.0.0__b77a5c561934e089\System.Core.dll</FullName>
      <ModuleName>System.Core</ModuleName>
      <Classes />
    </Module>
    <Module skippedDueTo="Filter" hash="0A-85-AD-C1-19-F4-8C-F5-EA-23-F4-B9-45-49-87-8A-DA-AF-6F-70">
      <FullName>E:\TeamCity\buildAgent\work\39236d9fea70f0c4\MvcRefactorTest.Tests\bin\Debug\MvcRefactorTest.Domain.dll</FullName>
      <ModuleName>MvcRefactorTest.Domain</ModuleName>
      <Classes />
    </Module>
    <Module skippedDueTo="MissingPdb" hash="A2-D0-DB-C9-20-FB-37-90-D4-D6-25-E5-C4-7B-E0-42-CA-32-C0-51">
      <FullName>E:\TeamCity\buildAgent\work\39236d9fea70f0c4\MvcRefactorTest.Tests\bin\Debug\nunit.framework.dll</FullName>
      <ModuleName>nunit.framework</ModuleName>
      <Classes />
    </Module>
    <Module skippedDueTo="MissingPdb" hash="A7-EF-7A-1F-6F-D3-D5-89-6E-CA-4E-26-8A-01-36-70-69-5C-D6-EE">
      <FullName>E:\TeamCity\buildAgent\work\39236d9fea70f0c4\MvcRefactorTest.Tests\bin\Debug\Moq.dll</FullName>
      <ModuleName>Moq</ModuleName>
      <Classes />
    </Module>
    <Module skippedDueTo="Filter" hash="84-DE-34-AC-4B-7A-E8-07-6F-65-AC-F3-2F-9D-00-AD-9E-53-D0-EA">
      <FullName>E:\TeamCity\buildAgent\work\39236d9fea70f0c4\MvcRefactorTest.Tests\bin\Debug\MvcRefactorTest.DAL.dll</FullName>
      <ModuleName>MvcRefactorTest.DAL</ModuleName>
      <Classes />
    </Module>
    <Module skippedDueTo="Filter" hash="AD-56-8F-5F-20-FC-6D-01-BA-F5-88-25-06-84-53-56-62-E9-A7-DA">
      <FullName>C:\WINDOWS\Microsoft.Net\assembly\GAC_MSIL\System.Configuration\v4.0_4.0.0.0__b03f5f7f11d50a3a\System.Configuration.dll</FullName>
      <ModuleName>System.Configuration</ModuleName>
      <Classes />
    </Module>
    <Module hash="9C-20-7C-A3-55-EE-34-43-C8-BB-3E-D3-78-7D-3B-E9-4C-AB-FC-98">
      <Summary numSequencePoints="60" visitedSequencePoints="39" numBranchPoints="68" visitedBranchPoints="11" sequenceCoverage="65" branchCoverage="16.18" maxCyclomaticComplexity="5" minCyclomaticComplexity="1" visitedClasses="1" numClasses="2" visitedMethods="5" numMethods="8" />
      <FullName>E:\TeamCity\buildAgent\work\39236d9fea70f0c4\MvcRefactorTest.Tests\bin\Debug\MvcRefactorTest.BL.dll</FullName>
      <ModuleName>MvcRefactorTest.BL</ModuleName>
      <Files>
        <File uid="1" fullPath="e:\TeamCity\buildAgent\work\39236d9fea70f0c4\MvcRefactorTest.BL\ContactService.cs" />
        <File uid="2" fullPath="" />
        <File uid="3" fullPath="e:\TeamCity\buildAgent\work\39236d9fea70f0c4\MvcRefactorTest.BL\UserService.cs" />
      </Files>
      <Classes>
        <Class>
          <Summary numSequencePoints="0" visitedSequencePoints="0" numBranchPoints="0" visitedBranchPoints="0" sequenceCoverage="0" branchCoverage="0" maxCyclomaticComplexity="0" minCyclomaticComplexity="0" visitedClasses="0" numClasses="0" visitedMethods="0" numMethods="0" />
          <FullName>&lt;Module&gt;</FullName>
          <Methods />
        </Class>
        <Class>
          <Summary numSequencePoints="12" visitedSequencePoints="0" numBranchPoints="16" visitedBranchPoints="0" sequenceCoverage="0" branchCoverage="0" maxCyclomaticComplexity="5" minCyclomaticComplexity="4" visitedClasses="0" numClasses="1" visitedMethods="0" numMethods="2" />
          <FullName>MvcRefactorTest.BL.ContactService</FullName>
          <Methods>
            <Method visited="false" cyclomaticComplexity="4" sequenceCoverage="0" branchCoverage="0" isConstructor="true" isStatic="false" isGetter="false" isSetter="false">
              <Summary numSequencePoints="5" visitedSequencePoints="0" numBranchPoints="7" visitedBranchPoints="0" sequenceCoverage="0" branchCoverage="0" maxCyclomaticComplexity="4" minCyclomaticComplexity="4" visitedClasses="0" numClasses="0" visitedMethods="0" numMethods="1" />
              <MetadataToken>100663298</MetadataToken>
              <Name>System.Void MvcRefactorTest.BL.ContactService::.ctor(MvcRefactorTest.DAL.Interface.IContactRepository)</Name>
              <FileRef uid="1" />
              <SequencePoints>
                <SequencePoint vc="0" uspid="1" ordinal="0" offset="0" sl="21" sc="7" el="21" ec="8" bec="0" bev="0" fileid="1" />
                <SequencePoint vc="0" uspid="2" ordinal="1" offset="1" sl="21" sc="9" el="21" ec="68" bec="0" bev="0" fileid="1" />
                <SequencePoint vc="0" uspid="3" ordinal="2" offset="53" sl="22" sc="9" el="22" ec="10" bec="0" bev="0" fileid="1" />
                <SequencePoint vc="0" uspid="4" ordinal="3" offset="54" sl="23" sc="13" el="23" ec="57" bec="0" bev="0" fileid="1" />
                <SequencePoint vc="0" uspid="5" ordinal="4" offset="61" sl="24" sc="9" el="24" ec="10" bec="4" bev="0" fileid="1" />
              </SequencePoints>
              <BranchPoints>
                <BranchPoint vc="0" uspid="6" ordinal="0" offset="91" sl="24" path="0" offsetend="116" fileid="1" />
                <BranchPoint vc="0" uspid="7" ordinal="1" offset="91" sl="24" path="1" offsetend="116" fileid="1" />
                <BranchPoint vc="0" uspid="8" ordinal="2" offset="91" sl="24" path="2" offsetend="134" fileid="1" />
                <BranchPoint vc="0" uspid="9" ordinal="3" offset="91" sl="24" path="3" offsetend="116" fileid="1" />
                <BranchPoint vc="0" uspid="10" ordinal="4" offset="91" sl="24" path="4" offsetend="118" fileid="1" />
                <BranchPoint vc="0" uspid="11" ordinal="5" offset="91" sl="24" path="5" offsetend="127" fileid="1" />
              </BranchPoints>
              <MethodPoint xsi:type="SequencePoint" vc="0" uspid="1" ordinal="0" offset="0" sl="21" sc="7" el="21" ec="8" bec="0" bev="0" fileid="1" />
            </Method>
            <Method visited="false" cyclomaticComplexity="5" sequenceCoverage="0" branchCoverage="0" isConstructor="false" isStatic="false" isGetter="false" isSetter="false">
              <Summary numSequencePoints="7" visitedSequencePoints="0" numBranchPoints="9" visitedBranchPoints="0" sequenceCoverage="0" branchCoverage="0" maxCyclomaticComplexity="5" minCyclomaticComplexity="5" visitedClasses="0" numClasses="0" visitedMethods="0" numMethods="1" />
              <MetadataToken>100663299</MetadataToken>
              <Name>System.Boolean MvcRefactorTest.BL.ContactService::GetContactDetails(MvcRefactorTest.Domain.Contact&amp;)</Name>
              <FileRef uid="1" />
              <SequencePoints>
                <SequencePoint vc="0" uspid="12" ordinal="0" offset="0" sl="31" sc="9" el="31" ec="10" bec="0" bev="0" fileid="1" />
                <SequencePoint vc="0" uspid="13" ordinal="1" offset="46" sl="32" sc="13" el="32" ec="33" bec="0" bev="0" fileid="1" />
                <SequencePoint vc="0" uspid="14" ordinal="2" offset="48" sl="33" sc="13" el="33" ec="31" bec="0" bev="0" fileid="1" />
                <SequencePoint vc="0" uspid="15" ordinal="3" offset="51" sl="35" sc="13" el="35" ec="75" bec="2" bev="0" fileid="1" />
                <SequencePoint vc="0" uspid="16" ordinal="4" offset="70" sl="35" sc="76" el="35" ec="91" bec="0" bev="0" fileid="1" />
                <SequencePoint vc="0" uspid="17" ordinal="5" offset="72" sl="37" sc="13" el="37" ec="28" bec="0" bev="0" fileid="1" />
                <SequencePoint vc="0" uspid="18" ordinal="6" offset="76" sl="38" sc="9" el="38" ec="10" bec="4" bev="0" fileid="1" />
              </SequencePoints>
              <BranchPoints>
                <BranchPoint vc="0" uspid="19" ordinal="0" offset="68" sl="35" path="0" offsetend="70" fileid="1" />
                <BranchPoint vc="0" uspid="20" ordinal="1" offset="68" sl="35" path="1" offsetend="72" fileid="1" />
                <BranchPoint vc="0" uspid="21" ordinal="2" offset="115" sl="38" path="0" offsetend="140" fileid="1" />
                <BranchPoint vc="0" uspid="22" ordinal="3" offset="115" sl="38" path="1" offsetend="140" fileid="1" />
                <BranchPoint vc="0" uspid="23" ordinal="4" offset="115" sl="38" path="2" offsetend="178" fileid="1" />
                <BranchPoint vc="0" uspid="24" ordinal="5" offset="115" sl="38" path="3" offsetend="140" fileid="1" />
                <BranchPoint vc="0" uspid="25" ordinal="6" offset="115" sl="38" path="4" offsetend="142" fileid="1" />
                <BranchPoint vc="0" uspid="26" ordinal="7" offset="115" sl="38" path="5" offsetend="170" fileid="1" />
              </BranchPoints>
              <MethodPoint xsi:type="SequencePoint" vc="0" uspid="12" ordinal="0" offset="0" sl="31" sc="9" el="31" ec="10" bec="0" bev="0" fileid="1" />
            </Method>
          </Methods>
        </Class>
        <Class>
          <Summary numSequencePoints="48" visitedSequencePoints="39" numBranchPoints="52" visitedBranchPoints="11" sequenceCoverage="81.25" branchCoverage="21.15" maxCyclomaticComplexity="5" minCyclomaticComplexity="4" visitedClasses="1" numClasses="1" visitedMethods="5" numMethods="6" />
          <FullName>MvcRefactorTest.BL.UserService</FullName>
          <Methods>
            <Method visited="true" cyclomaticComplexity="4" sequenceCoverage="100" branchCoverage="14.29" isConstructor="true" isStatic="false" isGetter="false" isSetter="false">
              <Summary numSequencePoints="5" visitedSequencePoints="5" numBranchPoints="7" visitedBranchPoints="1" sequenceCoverage="100" branchCoverage="14.29" maxCyclomaticComplexity="4" minCyclomaticComplexity="4" visitedClasses="0" numClasses="0" visitedMethods="1" numMethods="1" />
              <MetadataToken>100663305</MetadataToken>
              <Name>System.Void MvcRefactorTest.BL.UserService::.ctor(MvcRefactorTest.DAL.Interface.IUserRepository)</Name>
              <FileRef uid="3" />
              <SequencePoints>
                <SequencePoint vc="27" uspid="27" ordinal="0" offset="0" sl="18" sc="7" el="18" ec="8" bec="0" bev="0" fileid="3" />
                <SequencePoint vc="27" uspid="28" ordinal="1" offset="1" sl="18" sc="9" el="18" ec="59" bec="0" bev="0" fileid="3" />
                <SequencePoint vc="27" uspid="29" ordinal="2" offset="53" sl="19" sc="9" el="19" ec="10" bec="0" bev="0" fileid="3" />
                <SequencePoint vc="27" uspid="30" ordinal="3" offset="54" sl="20" sc="13" el="20" ec="51" bec="0" bev="0" fileid="3" />
                <SequencePoint vc="27" uspid="31" ordinal="4" offset="61" sl="21" sc="9" el="21" ec="10" bec="4" bev="0" fileid="3" />
              </SequencePoints>
              <BranchPoints>
                <BranchPoint vc="0" uspid="32" ordinal="0" offset="91" sl="21" path="0" offsetend="116" fileid="3" />
                <BranchPoint vc="0" uspid="33" ordinal="1" offset="91" sl="21" path="1" offsetend="116" fileid="3" />
                <BranchPoint vc="0" uspid="34" ordinal="2" offset="91" sl="21" path="2" offsetend="134" fileid="3" />
                <BranchPoint vc="0" uspid="35" ordinal="3" offset="91" sl="21" path="3" offsetend="116" fileid="3" />
                <BranchPoint vc="0" uspid="36" ordinal="4" offset="91" sl="21" path="4" offsetend="118" fileid="3" />
                <BranchPoint vc="0" uspid="37" ordinal="5" offset="91" sl="21" path="5" offsetend="127" fileid="3" />
              </BranchPoints>
              <MethodPoint xsi:type="SequencePoint" vc="27" uspid="27" ordinal="0" offset="0" sl="18" sc="7" el="18" ec="8" bec="0" bev="0" fileid="3" />
            </Method>
            <Method visited="true" cyclomaticComplexity="5" sequenceCoverage="100" branchCoverage="22.22" isConstructor="false" isStatic="false" isGetter="false" isSetter="false">
              <Summary numSequencePoints="9" visitedSequencePoints="9" numBranchPoints="9" visitedBranchPoints="2" sequenceCoverage="100" branchCoverage="22.22" maxCyclomaticComplexity="5" minCyclomaticComplexity="5" visitedClasses="0" numClasses="0" visitedMethods="1" numMethods="1" />
              <MetadataToken>100663306</MetadataToken>
              <Name>System.Boolean MvcRefactorTest.BL.UserService::GetAllUsers(System.Collections.Generic.IList`1&lt;MvcRefactorTest.Domain.User&gt;&amp;)</Name>
              <FileRef uid="3" />
              <SequencePoints>
                <SequencePoint vc="1" uspid="38" ordinal="0" offset="0" sl="68" sc="9" el="68" ec="10" bec="0" bev="0" fileid="3" />
                <SequencePoint vc="1" uspid="39" ordinal="1" offset="46" sl="69" sc="13" el="69" ec="33" bec="0" bev="0" fileid="3" />
                <SequencePoint vc="1" uspid="40" ordinal="2" offset="48" sl="70" sc="13" el="70" ec="29" bec="0" bev="0" fileid="3" />
                <SequencePoint vc="1" uspid="41" ordinal="3" offset="51" sl="72" sc="13" el="72" ec="64" bec="2" bev="1" fileid="3" />
                <SequencePoint vc="1" uspid="42" ordinal="4" offset="70" sl="73" sc="13" el="73" ec="14" bec="0" bev="0" fileid="3" />
                <SequencePoint vc="1" uspid="43" ordinal="5" offset="71" sl="74" sc="17" el="74" ec="32" bec="0" bev="0" fileid="3" />
                <SequencePoint vc="1" uspid="44" ordinal="6" offset="73" sl="75" sc="13" el="75" ec="14" bec="0" bev="0" fileid="3" />
                <SequencePoint vc="1" uspid="45" ordinal="7" offset="74" sl="77" sc="13" el="77" ec="28" bec="0" bev="0" fileid="3" />
                <SequencePoint vc="1" uspid="46" ordinal="8" offset="78" sl="78" sc="9" el="78" ec="10" bec="4" bev="0" fileid="3" />
              </SequencePoints>
              <BranchPoints>
                <BranchPoint vc="1" uspid="47" ordinal="0" offset="68" sl="72" path="0" offsetend="70" fileid="3" />
                <BranchPoint vc="0" uspid="48" ordinal="1" offset="68" sl="72" path="1" offsetend="74" fileid="3" />
                <BranchPoint vc="0" uspid="49" ordinal="2" offset="117" sl="78" path="0" offsetend="142" fileid="3" />
                <BranchPoint vc="0" uspid="50" ordinal="3" offset="117" sl="78" path="1" offsetend="142" fileid="3" />
                <BranchPoint vc="0" uspid="51" ordinal="4" offset="117" sl="78" path="2" offsetend="180" fileid="3" />
                <BranchPoint vc="0" uspid="52" ordinal="5" offset="117" sl="78" path="3" offsetend="142" fileid="3" />
                <BranchPoint vc="0" uspid="53" ordinal="6" offset="117" sl="78" path="4" offsetend="144" fileid="3" />
                <BranchPoint vc="0" uspid="54" ordinal="7" offset="117" sl="78" path="5" offsetend="172" fileid="3" />
              </BranchPoints>
              <MethodPoint xsi:type="SequencePoint" vc="1" uspid="38" ordinal="0" offset="0" sl="68" sc="9" el="68" ec="10" bec="0" bev="0" fileid="3" />
            </Method>
            <Method visited="false" cyclomaticComplexity="5" sequenceCoverage="0" branchCoverage="0" isConstructor="false" isStatic="false" isGetter="false" isSetter="false">
              <Summary numSequencePoints="9" visitedSequencePoints="0" numBranchPoints="9" visitedBranchPoints="0" sequenceCoverage="0" branchCoverage="0" maxCyclomaticComplexity="5" minCyclomaticComplexity="5" visitedClasses="0" numClasses="0" visitedMethods="0" numMethods="1" />
              <MetadataToken>100663307</MetadataToken>
              <Name>System.Boolean MvcRefactorTest.BL.UserService::GetAllUsersBy(System.Boolean,System.Collections.Generic.IList`1&lt;MvcRefactorTest.Domain.User&gt;&amp;)</Name>
              <FileRef uid="3" />
              <SequencePoints>
                <SequencePoint vc="0" uspid="55" ordinal="0" offset="0" sl="87" sc="9" el="87" ec="10" bec="0" bev="0" fileid="3" />
                <SequencePoint vc="0" uspid="56" ordinal="1" offset="54" sl="88" sc="13" el="88" ec="33" bec="0" bev="0" fileid="3" />
                <SequencePoint vc="0" uspid="57" ordinal="2" offset="56" sl="89" sc="13" el="89" ec="29" bec="0" bev="0" fileid="3" />
                <SequencePoint vc="0" uspid="58" ordinal="3" offset="59" sl="91" sc="13" el="91" ec="74" bec="2" bev="0" fileid="3" />
                <SequencePoint vc="0" uspid="59" ordinal="4" offset="79" sl="92" sc="13" el="92" ec="14" bec="0" bev="0" fileid="3" />
                <SequencePoint vc="0" uspid="60" ordinal="5" offset="80" sl="93" sc="17" el="93" ec="32" bec="0" bev="0" fileid="3" />
                <SequencePoint vc="0" uspid="61" ordinal="6" offset="82" sl="94" sc="13" el="94" ec="14" bec="0" bev="0" fileid="3" />
                <SequencePoint vc="0" uspid="62" ordinal="7" offset="83" sl="96" sc="13" el="96" ec="28" bec="0" bev="0" fileid="3" />
                <SequencePoint vc="0" uspid="63" ordinal="8" offset="87" sl="97" sc="9" el="97" ec="10" bec="4" bev="0" fileid="3" />
              </SequencePoints>
              <BranchPoints>
                <BranchPoint vc="0" uspid="64" ordinal="0" offset="77" sl="91" path="0" offsetend="79" fileid="3" />
                <BranchPoint vc="0" uspid="65" ordinal="1" offset="77" sl="91" path="1" offsetend="83" fileid="3" />
                <BranchPoint vc="0" uspid="66" ordinal="2" offset="126" sl="97" path="0" offsetend="151" fileid="3" />
                <BranchPoint vc="0" uspid="67" ordinal="3" offset="126" sl="97" path="1" offsetend="151" fileid="3" />
                <BranchPoint vc="0" uspid="68" ordinal="4" offset="126" sl="97" path="2" offsetend="189" fileid="3" />
                <BranchPoint vc="0" uspid="69" ordinal="5" offset="126" sl="97" path="3" offsetend="151" fileid="3" />
                <BranchPoint vc="0" uspid="70" ordinal="6" offset="126" sl="97" path="4" offsetend="153" fileid="3" />
                <BranchPoint vc="0" uspid="71" ordinal="7" offset="126" sl="97" path="5" offsetend="181" fileid="3" />
              </BranchPoints>
              <MethodPoint xsi:type="SequencePoint" vc="0" uspid="55" ordinal="0" offset="0" sl="87" sc="9" el="87" ec="10" bec="0" bev="0" fileid="3" />
            </Method>
            <Method visited="true" cyclomaticComplexity="5" sequenceCoverage="100" branchCoverage="22.22" isConstructor="false" isStatic="false" isGetter="false" isSetter="false">
              <Summary numSequencePoints="7" visitedSequencePoints="7" numBranchPoints="9" visitedBranchPoints="2" sequenceCoverage="100" branchCoverage="22.22" maxCyclomaticComplexity="5" minCyclomaticComplexity="5" visitedClasses="0" numClasses="0" visitedMethods="1" numMethods="1" />
              <MetadataToken>100663308</MetadataToken>
              <Name>System.Boolean MvcRefactorTest.BL.UserService::GetUserBy(System.Int32,MvcRefactorTest.Domain.User&amp;)</Name>
              <FileRef uid="3" />
              <SequencePoints>
                <SequencePoint vc="1" uspid="72" ordinal="0" offset="0" sl="106" sc="9" el="106" ec="10" bec="0" bev="0" fileid="3" />
                <SequencePoint vc="1" uspid="73" ordinal="1" offset="54" sl="107" sc="13" el="107" ec="33" bec="0" bev="0" fileid="3" />
                <SequencePoint vc="1" uspid="74" ordinal="2" offset="56" sl="108" sc="13" el="108" ec="28" bec="0" bev="0" fileid="3" />
                <SequencePoint vc="1" uspid="75" ordinal="3" offset="59" sl="110" sc="13" el="110" ec="65" bec="2" bev="1" fileid="3" />
                <SequencePoint vc="1" uspid="76" ordinal="4" offset="79" sl="110" sc="66" el="110" ec="81" bec="0" bev="0" fileid="3" />
                <SequencePoint vc="1" uspid="77" ordinal="5" offset="81" sl="112" sc="13" el="112" ec="28" bec="0" bev="0" fileid="3" />
                <SequencePoint vc="1" uspid="78" ordinal="6" offset="85" sl="113" sc="9" el="113" ec="10" bec="4" bev="0" fileid="3" />
              </SequencePoints>
              <BranchPoints>
                <BranchPoint vc="1" uspid="79" ordinal="0" offset="77" sl="110" path="0" offsetend="79" fileid="3" />
                <BranchPoint vc="0" uspid="80" ordinal="1" offset="77" sl="110" path="1" offsetend="81" fileid="3" />
                <BranchPoint vc="0" uspid="81" ordinal="2" offset="124" sl="113" path="0" offsetend="149" fileid="3" />
                <BranchPoint vc="0" uspid="82" ordinal="3" offset="124" sl="113" path="1" offsetend="149" fileid="3" />
                <BranchPoint vc="0" uspid="83" ordinal="4" offset="124" sl="113" path="2" offsetend="187" fileid="3" />
                <BranchPoint vc="0" uspid="84" ordinal="5" offset="124" sl="113" path="3" offsetend="149" fileid="3" />
                <BranchPoint vc="0" uspid="85" ordinal="6" offset="124" sl="113" path="4" offsetend="151" fileid="3" />
                <BranchPoint vc="0" uspid="86" ordinal="7" offset="124" sl="113" path="5" offsetend="179" fileid="3" />
              </BranchPoints>
              <MethodPoint xsi:type="SequencePoint" vc="1" uspid="72" ordinal="0" offset="0" sl="106" sc="9" el="106" ec="10" bec="0" bev="0" fileid="3" />
            </Method>
            <Method visited="true" cyclomaticComplexity="5" sequenceCoverage="100" branchCoverage="33.33" isConstructor="false" isStatic="false" isGetter="false" isSetter="false">
              <Summary numSequencePoints="9" visitedSequencePoints="9" numBranchPoints="9" visitedBranchPoints="3" sequenceCoverage="100" branchCoverage="33.33" maxCyclomaticComplexity="5" minCyclomaticComplexity="5" visitedClasses="0" numClasses="0" visitedMethods="1" numMethods="1" />
              <MetadataToken>100663309</MetadataToken>
              <Name>System.Boolean MvcRefactorTest.BL.UserService::GetUserBy(System.String,MvcRefactorTest.Domain.User&amp;)</Name>
              <FileRef uid="3" />
              <SequencePoints>
                <SequencePoint vc="5" uspid="87" ordinal="0" offset="0" sl="122" sc="9" el="122" ec="10" bec="0" bev="0" fileid="3" />
                <SequencePoint vc="5" uspid="88" ordinal="1" offset="54" sl="123" sc="13" el="123" ec="33" bec="0" bev="0" fileid="3" />
                <SequencePoint vc="5" uspid="89" ordinal="2" offset="56" sl="124" sc="13" el="124" ec="28" bec="0" bev="0" fileid="3" />
                <SequencePoint vc="5" uspid="90" ordinal="3" offset="59" sl="126" sc="13" el="126" ec="67" bec="2" bev="2" fileid="3" />
                <SequencePoint vc="1" uspid="91" ordinal="4" offset="79" sl="127" sc="13" el="127" ec="14" bec="0" bev="0" fileid="3" />
                <SequencePoint vc="1" uspid="92" ordinal="5" offset="80" sl="128" sc="17" el="128" ec="32" bec="0" bev="0" fileid="3" />
                <SequencePoint vc="1" uspid="93" ordinal="6" offset="82" sl="129" sc="13" el="129" ec="14" bec="0" bev="0" fileid="3" />
                <SequencePoint vc="5" uspid="94" ordinal="7" offset="83" sl="131" sc="13" el="131" ec="28" bec="0" bev="0" fileid="3" />
                <SequencePoint vc="5" uspid="95" ordinal="8" offset="87" sl="132" sc="9" el="132" ec="10" bec="4" bev="0" fileid="3" />
              </SequencePoints>
              <BranchPoints>
                <BranchPoint vc="1" uspid="96" ordinal="0" offset="77" sl="126" path="0" offsetend="79" fileid="3" />
                <BranchPoint vc="4" uspid="97" ordinal="1" offset="77" sl="126" path="1" offsetend="83" fileid="3" />
                <BranchPoint vc="0" uspid="98" ordinal="2" offset="126" sl="132" path="0" offsetend="151" fileid="3" />
                <BranchPoint vc="0" uspid="99" ordinal="3" offset="126" sl="132" path="1" offsetend="151" fileid="3" />
                <BranchPoint vc="0" uspid="100" ordinal="4" offset="126" sl="132" path="2" offsetend="189" fileid="3" />
                <BranchPoint vc="0" uspid="101" ordinal="5" offset="126" sl="132" path="3" offsetend="151" fileid="3" />
                <BranchPoint vc="0" uspid="102" ordinal="6" offset="126" sl="132" path="4" offsetend="153" fileid="3" />
                <BranchPoint vc="0" uspid="103" ordinal="7" offset="126" sl="132" path="5" offsetend="181" fileid="3" />
              </BranchPoints>
              <MethodPoint xsi:type="SequencePoint" vc="5" uspid="87" ordinal="0" offset="0" sl="122" sc="9" el="122" ec="10" bec="0" bev="0" fileid="3" />
            </Method>
            <Method visited="true" cyclomaticComplexity="5" sequenceCoverage="100" branchCoverage="33.33" isConstructor="false" isStatic="false" isGetter="false" isSetter="false">
              <Summary numSequencePoints="9" visitedSequencePoints="9" numBranchPoints="9" visitedBranchPoints="3" sequenceCoverage="100" branchCoverage="33.33" maxCyclomaticComplexity="5" minCyclomaticComplexity="5" visitedClasses="0" numClasses="0" visitedMethods="1" numMethods="1" />
              <MetadataToken>100663310</MetadataToken>
              <Name>System.Boolean MvcRefactorTest.BL.UserService::ValidateUser(System.String,System.String,System.Boolean&amp;)</Name>
              <FileRef uid="3" />
              <SequencePoints>
                <SequencePoint vc="20" uspid="104" ordinal="0" offset="0" sl="161" sc="9" el="161" ec="10" bec="0" bev="0" fileid="3" />
                <SequencePoint vc="20" uspid="105" ordinal="1" offset="62" sl="162" sc="13" el="162" ec="33" bec="0" bev="0" fileid="3" />
                <SequencePoint vc="20" uspid="106" ordinal="2" offset="64" sl="163" sc="13" el="163" ec="29" bec="0" bev="0" fileid="3" />
                <SequencePoint vc="20" uspid="107" ordinal="3" offset="67" sl="165" sc="13" el="165" ec="84" bec="2" bev="2" fileid="3" />
                <SequencePoint vc="4" uspid="108" ordinal="4" offset="88" sl="166" sc="13" el="166" ec="14" bec="0" bev="0" fileid="3" />
                <SequencePoint vc="4" uspid="109" ordinal="5" offset="89" sl="167" sc="17" el="167" ec="32" bec="0" bev="0" fileid="3" />
                <SequencePoint vc="4" uspid="110" ordinal="6" offset="91" sl="168" sc="13" el="168" ec="14" bec="0" bev="0" fileid="3" />
                <SequencePoint vc="20" uspid="111" ordinal="7" offset="92" sl="170" sc="13" el="170" ec="28" bec="0" bev="0" fileid="3" />
                <SequencePoint vc="20" uspid="112" ordinal="8" offset="96" sl="171" sc="9" el="171" ec="10" bec="4" bev="0" fileid="3" />
              </SequencePoints>
              <BranchPoints>
                <BranchPoint vc="4" uspid="113" ordinal="0" offset="86" sl="165" path="0" offsetend="88" fileid="3" />
                <BranchPoint vc="16" uspid="114" ordinal="1" offset="86" sl="165" path="1" offsetend="92" fileid="3" />
                <BranchPoint vc="0" uspid="115" ordinal="2" offset="135" sl="171" path="0" offsetend="160" fileid="3" />
                <BranchPoint vc="0" uspid="116" ordinal="3" offset="135" sl="171" path="1" offsetend="160" fileid="3" />
                <BranchPoint vc="0" uspid="117" ordinal="4" offset="135" sl="171" path="2" offsetend="198" fileid="3" />
                <BranchPoint vc="0" uspid="118" ordinal="5" offset="135" sl="171" path="3" offsetend="160" fileid="3" />
                <BranchPoint vc="0" uspid="119" ordinal="6" offset="135" sl="171" path="4" offsetend="162" fileid="3" />
                <BranchPoint vc="0" uspid="120" ordinal="7" offset="135" sl="171" path="5" offsetend="190" fileid="3" />
              </BranchPoints>
              <MethodPoint xsi:type="SequencePoint" vc="20" uspid="104" ordinal="0" offset="0" sl="161" sc="9" el="161" ec="10" bec="0" bev="0" fileid="3" />
            </Method>
          </Methods>
        </Class>
        <Class>
          <Summary numSequencePoints="0" visitedSequencePoints="0" numBranchPoints="0" visitedBranchPoints="0" sequenceCoverage="0" branchCoverage="0" maxCyclomaticComplexity="1" minCyclomaticComplexity="1" visitedClasses="0" numClasses="0" visitedMethods="0" numMethods="0" />
          <FullName>PostSharp.ImplementationDetails_d5409dbf.&lt;&gt;z__a_1</FullName>
          <Methods>
            <Method visited="false" cyclomaticComplexity="1" sequenceCoverage="0" branchCoverage="0" isConstructor="true" isStatic="true" isGetter="false" isSetter="false">
              <Summary numSequencePoints="0" visitedSequencePoints="0" numBranchPoints="0" visitedBranchPoints="0" sequenceCoverage="0" branchCoverage="0" maxCyclomaticComplexity="1" minCyclomaticComplexity="1" visitedClasses="0" numClasses="0" visitedMethods="0" numMethods="0" />
              <MetadataToken>100663311</MetadataToken>
              <Name>System.Void PostSharp.ImplementationDetails_d5409dbf.&lt;&gt;z__a_1::.cctor()</Name>
              <SequencePoints />
              <BranchPoints />
              <MethodPoint vc="0" uspid="121" ordinal="0" offset="0" />
            </Method>
          </Methods>
        </Class>
        <Class>
          <Summary numSequencePoints="0" visitedSequencePoints="0" numBranchPoints="0" visitedBranchPoints="0" sequenceCoverage="0" branchCoverage="0" maxCyclomaticComplexity="1" minCyclomaticComplexity="1" visitedClasses="0" numClasses="0" visitedMethods="0" numMethods="0" />
          <FullName>PostSharp.ImplementationDetails_d5409dbf.&lt;&gt;z__a_2</FullName>
          <Methods>
            <Method visited="true" cyclomaticComplexity="1" sequenceCoverage="0" branchCoverage="0" isConstructor="true" isStatic="true" isGetter="false" isSetter="false">
              <Summary numSequencePoints="0" visitedSequencePoints="0" numBranchPoints="0" visitedBranchPoints="0" sequenceCoverage="0" branchCoverage="0" maxCyclomaticComplexity="1" minCyclomaticComplexity="1" visitedClasses="0" numClasses="0" visitedMethods="0" numMethods="0" />
              <MetadataToken>100663312</MetadataToken>
              <Name>System.Void PostSharp.ImplementationDetails_d5409dbf.&lt;&gt;z__a_2::.cctor()</Name>
              <SequencePoints />
              <BranchPoints />
              <MethodPoint vc="1" uspid="122" ordinal="0" offset="0" />
            </Method>
          </Methods>
        </Class>
        <Class>
          <Summary numSequencePoints="0" visitedSequencePoints="0" numBranchPoints="0" visitedBranchPoints="0" sequenceCoverage="0" branchCoverage="0" maxCyclomaticComplexity="1" minCyclomaticComplexity="1" visitedClasses="0" numClasses="0" visitedMethods="0" numMethods="0" />
          <FullName>PostSharp.ImplementationDetails_d5409dbf.&lt;&gt;z__a_3</FullName>
          <Methods>
            <Method visited="true" cyclomaticComplexity="1" sequenceCoverage="0" branchCoverage="0" isConstructor="true" isStatic="true" isGetter="false" isSetter="false">
              <Summary numSequencePoints="0" visitedSequencePoints="0" numBranchPoints="0" visitedBranchPoints="0" sequenceCoverage="0" branchCoverage="0" maxCyclomaticComplexity="1" minCyclomaticComplexity="1" visitedClasses="0" numClasses="0" visitedMethods="0" numMethods="0" />
              <MetadataToken>100663313</MetadataToken>
              <Name>System.Void PostSharp.ImplementationDetails_d5409dbf.&lt;&gt;z__a_3::.cctor()</Name>
              <SequencePoints />
              <BranchPoints />
              <MethodPoint vc="1" uspid="123" ordinal="0" offset="0" />
            </Method>
          </Methods>
        </Class>
        <Class>
          <Summary numSequencePoints="0" visitedSequencePoints="0" numBranchPoints="0" visitedBranchPoints="0" sequenceCoverage="0" branchCoverage="0" maxCyclomaticComplexity="4" minCyclomaticComplexity="1" visitedClasses="0" numClasses="0" visitedMethods="0" numMethods="0" />
          <FullName>PostSharp.ImplementationDetails_d5409dbf.&lt;&gt;z__MetadataDispenser</FullName>
          <Methods>
            <Method visited="true" cyclomaticComplexity="4" sequenceCoverage="0" branchCoverage="0" isConstructor="false" isStatic="false" isGetter="false" isSetter="false">
              <Summary numSequencePoints="0" visitedSequencePoints="0" numBranchPoints="0" visitedBranchPoints="0" sequenceCoverage="0" branchCoverage="0" maxCyclomaticComplexity="4" minCyclomaticComplexity="4" visitedClasses="0" numClasses="0" visitedMethods="0" numMethods="0" />
              <MetadataToken>100663314</MetadataToken>
              <Name>System.Object PostSharp.ImplementationDetails_d5409dbf.&lt;&gt;z__MetadataDispenser::GetMetadata(System.Int32)</Name>
              <SequencePoints />
              <BranchPoints />
              <MethodPoint vc="2" uspid="124" ordinal="0" offset="0" />
            </Method>
            <Method visited="true" cyclomaticComplexity="1" sequenceCoverage="0" branchCoverage="0" isConstructor="true" isStatic="true" isGetter="false" isSetter="false">
              <Summary numSequencePoints="0" visitedSequencePoints="0" numBranchPoints="0" visitedBranchPoints="0" sequenceCoverage="0" branchCoverage="0" maxCyclomaticComplexity="1" minCyclomaticComplexity="1" visitedClasses="0" numClasses="0" visitedMethods="0" numMethods="0" />
              <MetadataToken>100663315</MetadataToken>
              <Name>System.Void PostSharp.ImplementationDetails_d5409dbf.&lt;&gt;z__MetadataDispenser::.cctor()</Name>
              <SequencePoints />
              <BranchPoints />
              <MethodPoint vc="1" uspid="125" ordinal="0" offset="0" />
            </Method>
            <Method visited="true" cyclomaticComplexity="1" sequenceCoverage="0" branchCoverage="0" isConstructor="true" isStatic="false" isGetter="false" isSetter="false">
              <Summary numSequencePoints="0" visitedSequencePoints="0" numBranchPoints="0" visitedBranchPoints="0" sequenceCoverage="0" branchCoverage="0" maxCyclomaticComplexity="1" minCyclomaticComplexity="1" visitedClasses="0" numClasses="0" visitedMethods="0" numMethods="0" />
              <MetadataToken>100663316</MetadataToken>
              <Name>System.Void PostSharp.ImplementationDetails_d5409dbf.&lt;&gt;z__MetadataDispenser::.ctor()</Name>
              <SequencePoints />
              <BranchPoints />
              <MethodPoint vc="1" uspid="126" ordinal="0" offset="0" />
            </Method>
          </Methods>
        </Class>
      </Classes>
    </Module>
    <Module skippedDueTo="MissingPdb" hash="B6-BE-C7-09-6A-69-79-02-C4-B3-2E-2E-B9-3D-72-09-BB-84-01-6E">
      <FullName>C:\WINDOWS\assembly\GAC_MSIL\Microsoft.VisualStudio.QualityTools.UnitTestFramework\10.0.0.0__b03f5f7f11d50a3a\Microsoft.VisualStudio.QualityTools.UnitTestFramework.dll</FullName>
      <ModuleName>Microsoft.VisualStudio.QualityTools.UnitTestFramework</ModuleName>
      <Classes />
    </Module>
    <Module skippedDueTo="MissingPdb" hash="">
      <FullName>RefEmit_InMemoryManifestModule</FullName>
      <ModuleName>Anonymously Hosted DynamicMethods Assembly</ModuleName>
      <Classes />
    </Module>
    <Module skippedDueTo="MissingPdb" hash="">
      <FullName>RefEmit_InMemoryManifestModule</FullName>
      <ModuleName>DynamicProxyGenAssembly2</ModuleName>
      <Classes />
    </Module>
    <Module skippedDueTo="MissingPdb" hash="">
      <FullName>RefEmit_InMemoryManifestModule</FullName>
      <ModuleName>DynamicProxyGenAssembly2</ModuleName>
      <Classes />
    </Module>
    <Module skippedDueTo="MissingPdb" hash="A5-0A-96-A0-49-3C-6A-68-87-16-6E-4E-B5-34-5B-39-1C-C5-57-E6">
      <FullName>E:\TeamCity\buildAgent\work\39236d9fea70f0c4\MvcRefactorTest.Tests\bin\Debug\PostSharp.dll</FullName>
      <ModuleName>PostSharp</ModuleName>
      <Classes />
    </Module>
    <Module skippedDueTo="Filter" hash="3F-98-FF-00-FD-AC-4B-DE-23-69-EA-F6-42-49-F5-A6-CC-7E-43-4F">
      <FullName>E:\TeamCity\buildAgent\work\39236d9fea70f0c4\MvcRefactorTest.Tests\bin\Debug\MvcRefactorTest.Common.dll</FullName>
      <ModuleName>MvcRefactorTest.Common</ModuleName>
      <Classes />
    </Module>
    <Module skippedDueTo="MissingPdb" hash="4B-E4-F5-F9-03-6A-AE-86-52-40-85-EC-B8-93-AE-65-52-FC-73-1D">
      <FullName>E:\TeamCity\buildAgent\work\39236d9fea70f0c4\MvcRefactorTest.Tests\bin\Debug\log4net.dll</FullName>
      <ModuleName>log4net</ModuleName>
      <Classes />
    </Module>
    <Module skippedDueTo="Filter" hash="DB-E5-93-72-2F-AC-39-CB-36-39-A6-86-E6-FF-CF-21-AB-22-6A-81">
      <FullName>C:\WINDOWS\Microsoft.Net\assembly\GAC_64\System.Data\v4.0_4.0.0.0__b77a5c561934e089\System.Data.dll</FullName>
      <ModuleName>System.Data</ModuleName>
      <Classes />
    </Module>
    <Module skippedDueTo="MissingPdb" hash="4C-C8-46-ED-D6-9A-AC-12-E1-88-9C-10-62-C2-5E-B3-0B-57-11-4F">
      <FullName>E:\TeamCity\buildAgent\work\39236d9fea70f0c4\MvcRefactorTest.Tests\bin\Debug\EntityFramework.SqlServer.dll</FullName>
      <ModuleName>EntityFramework.SqlServer</ModuleName>
      <Classes />
    </Module>
  </Modules>
</CoverageSession>